<?xml version="1.0" encoding="UTF-8"?>
<!-- Generated by org.testng.reporters.JUnitReportReporter -->
<testsuite skipped="0" hostname="DSIPL04" name="com.spade.tescases.LoginTest" tests="1" failures="0" timestamp="23 Jul 2019 07:04:25 GMT" time="20.550" errors="0">
  <testcase name="loginintotheApplication" time="20.550" classname="com.spade.tescases.LoginTest"/>
</testsuite> <!-- com.spade.tescases.LoginTest -->
