<?xml version="1.0" encoding="UTF-8"?>
<!-- Generated by org.testng.reporters.JUnitReportReporter -->
<testsuite skipped="0" hostname="DSIPL04" name="com.spade.tescases.RegistrationTest" tests="1" failures="0" timestamp="05 Aug 2019 07:34:01 GMT" time="32.280" errors="0">
  <testcase name="registration" time="32.280" classname="com.spade.tescases.RegistrationTest"/>
</testsuite> <!-- com.spade.tescases.RegistrationTest -->
